Using pre-set license
Built from '2020.3/staging' branch; Version is '2020.3.10f1 (297d780c91bc) revision 2719096'; Using compiler version '192528614'; Build Type 'Release'
OS: 'Windows 10 Home Single Language; OS build 19043.985; Version 2009; 64bit' Language: 'en' Physical Memory: 16228 MB
BatchMode: 1, IsHumanControllingUs: 0, StartBugReporterOnCrash: 0, Is64bit: 1, IsPro: 0

 COMMAND LINE ARGUMENTS:
C:\Program Files\Unity\Hub\Editor\2020.3.10f1\Editor\Unity.exe
-adb2
-batchMode
-noUpm
-name
AssetImportWorker0
-projectPath
C:/Users/varun/Desktop/Unity Files/GMTK-Jam-Game/Game Jam Submission Project
-logFile
Logs/AssetImportWorker0.log
-srvPort
56889
Successfully changed project path to: C:/Users/varun/Desktop/Unity Files/GMTK-Jam-Game/Game Jam Submission Project
C:/Users/varun/Desktop/Unity Files/GMTK-Jam-Game/Game Jam Submission Project
Using Asset Import Pipeline V2.
Refreshing native plugins compatible for Editor in 61.28 ms, found 3 plugins.
Preloading 0 native plugins for Editor in 0.00 ms.
Initialize engine version: 2020.3.10f1 (297d780c91bc)
[Subsystems] Discovering subsystems at path C:/Program Files/Unity/Hub/Editor/2020.3.10f1/Editor/Data/Resources/UnitySubsystems
[Subsystems] Discovering subsystems at path C:/Users/varun/Desktop/Unity Files/GMTK-Jam-Game/Game Jam Submission Project/Assets
GfxDevice: creating device client; threaded=0
Direct3D:
    Version:  Direct3D 11.0 [level 11.1]
    Renderer: NVIDIA GeForce GTX 1660 Ti (ID=0x2191)
    Vendor:   
    VRAM:     5991 MB
    Driver:   27.21.14.6663
Shader 'Universal Render Pipeline/Particles/Lit': fallback shader 'Universal Render Pipeline/Particles/SimpleLit' not found
Initialize mono
Mono path[0] = 'C:/Program Files/Unity/Hub/Editor/2020.3.10f1/Editor/Data/Managed'
Mono path[1] = 'C:/Program Files/Unity/Hub/Editor/2020.3.10f1/Editor/Data/MonoBleedingEdge/lib/mono/unityjit'
Mono config path = 'C:/Program Files/Unity/Hub/Editor/2020.3.10f1/Editor/Data/MonoBleedingEdge/etc'
Using monoOptions --debugger-agent=transport=dt_socket,embedding=1,server=y,suspend=n,address=127.0.0.1:56128
Begin MonoManager ReloadAssembly
Registering precompiled unity dll's ...
Register platform support module: C:/Program Files/Unity/Hub/Editor/2020.3.10f1/Editor/Data/PlaybackEngines/WindowsStandaloneSupport/UnityEditor.WindowsStandalone.Extensions.dll
Registered in 0.002104 seconds.
Native extension for WindowsStandalone target not found
Refreshing native plugins compatible for Editor in 61.71 ms, found 3 plugins.
Preloading 0 native plugins for Editor in 0.00 ms.
Mono: successfully reloaded assembly
- Completed reload, in  1.088 seconds
Platform modules already initialized, skipping
Registering precompiled user dll's ...
Registered in 0.005913 seconds.
Begin MonoManager ReloadAssembly
Native extension for WindowsStandalone target not found
Refreshing native plugins compatible for Editor in 76.51 ms, found 3 plugins.
Preloading 0 native plugins for Editor in 0.00 ms.
Mono: successfully reloaded assembly
- Completed reload, in  2.154 seconds
Platform modules already initialized, skipping
========================================================================
Worker process is ready to serve import requests
Shader 'Universal Render Pipeline/Particles/Lit': fallback shader 'Universal Render Pipeline/Particles/SimpleLit' not found
Launched and connected shader compiler UnityShaderCompiler.exe after 0.07 seconds
Refreshing native plugins compatible for Editor in 1.46 ms, found 3 plugins.
Preloading 0 native plugins for Editor in 0.00 ms.
Unloading 3667 Unused Serialized files (Serialized files now loaded: 0)
System memory in use before: 158.0 MB.
System memory in use after: 158.1 MB.

Unloading 36 unused Assets to reduce memory usage. Loaded Objects now: 4099.
Total: 6.910400 ms (FindLiveObjects: 0.807300 ms CreateObjectMapping: 0.521100 ms MarkObjects: 5.429600 ms  DeleteObjects: 0.150700 ms)

========================================================================
Received Import Request.
  path: Assets/New Lighting Settings.lighting
  artifactKey: Guid(309f46157487482458f9aaa5f2fedb32) Importer(815301076,1909f56bfc062723c751e8b465ee728b)
Start importing Assets/New Lighting Settings.lighting using Guid(309f46157487482458f9aaa5f2fedb32) Importer(815301076,1909f56bfc062723c751e8b465ee728b)  -> (artifact id: '68786a413b5c7dbebf087417405cfab5') in 0.067435 seconds
  Import took 0.077202 seconds .

========================================================================
Received Import Request.
  Time since last request: 268.445832 seconds.
  path: Assets/Scenes
  artifactKey: Guid(00154de108a44344c84b293a684c0ee0) Importer(815301076,1909f56bfc062723c751e8b465ee728b)
Start importing Assets/Scenes using Guid(00154de108a44344c84b293a684c0ee0) Importer(815301076,1909f56bfc062723c751e8b465ee728b)  -> (artifact id: '6e9bb242864a0cba7d0780bb5c632604') in 0.007968 seconds
  Import took 0.014283 seconds .

========================================================================
Received Import Request.
  Time since last request: 1.318356 seconds.
  path: Assets/Scenes/SampleScene.unity
  artifactKey: Guid(2cda990e2423bbf4892e6590ba056729) Importer(815301076,1909f56bfc062723c751e8b465ee728b)
Start importing Assets/Scenes/SampleScene.unity using Guid(2cda990e2423bbf4892e6590ba056729) Importer(815301076,1909f56bfc062723c751e8b465ee728b)  -> (artifact id: 'aa27944bdea339c97c39027c7eea529c') in 0.008634 seconds
  Import took 0.014614 seconds .

========================================================================
Received Import Request.
  Time since last request: 2.144500 seconds.
  path: Assets/Scenes/SampleScene.unity
  artifactKey: Guid(2cda990e2423bbf4892e6590ba056729) Importer(815301076,1909f56bfc062723c751e8b465ee728b)
Start importing Assets/Scenes/SampleScene.unity using Guid(2cda990e2423bbf4892e6590ba056729) Importer(815301076,1909f56bfc062723c751e8b465ee728b)  -> (artifact id: '7c4713882773436032d75a8859ed5237') in 0.002619 seconds
  Import took 0.008694 seconds .

========================================================================
Received Import Request.
  Time since last request: 2.884076 seconds.
  path: Assets/Scenes/SampleScene
  artifactKey: Guid(987f9b249565b0d44839919fd8938506) Importer(815301076,1909f56bfc062723c751e8b465ee728b)
Start importing Assets/Scenes/SampleScene using Guid(987f9b249565b0d44839919fd8938506) Importer(815301076,1909f56bfc062723c751e8b465ee728b)  -> (artifact id: 'a02146940d2c056e0f529f2ff91ebc2f') in 0.009439 seconds
  Import took 0.015355 seconds .

========================================================================
Received Import Request.
  Time since last request: 0.073569 seconds.
  path: Assets/Scenes/SampleScene/LightingData.asset
  artifactKey: Guid(ffa2d42a7853b9c428a181cf66f1dfd3) Importer(815301076,1909f56bfc062723c751e8b465ee728b)
Start importing Assets/Scenes/SampleScene/LightingData.asset using Guid(ffa2d42a7853b9c428a181cf66f1dfd3) Importer(815301076,1909f56bfc062723c751e8b465ee728b)  -> (artifact id: '7033ff71e58adcad668a65a6a46a533c') in 0.009113 seconds
  Import took 0.015039 seconds .

========================================================================
Received Prepare
Registering precompiled user dll's ...
Registered in 0.005502 seconds.
Begin MonoManager ReloadAssembly
Native extension for WindowsStandalone target not found
Refreshing native plugins compatible for Editor in 0.68 ms, found 3 plugins.
Preloading 0 native plugins for Editor in 0.00 ms.
Mono: successfully reloaded assembly
- Completed reload, in  1.270 seconds
Platform modules already initialized, skipping
Shader 'Universal Render Pipeline/Particles/Lit': fallback shader 'Universal Render Pipeline/Particles/SimpleLit' not found
Refreshing native plugins compatible for Editor in 0.72 ms, found 3 plugins.
Preloading 0 native plugins for Editor in 0.00 ms.
Unloading 3576 Unused Serialized files (Serialized files now loaded: 0)
System memory in use before: 149.7 MB.
System memory in use after: 149.8 MB.

Unloading 24 unused Assets to reduce memory usage. Loaded Objects now: 4103.
Total: 3.313700 ms (FindLiveObjects: 0.279600 ms CreateObjectMapping: 0.150500 ms MarkObjects: 2.780100 ms  DeleteObjects: 0.102600 ms)

========================================================================
Received Import Request.
  Time since last request: 316.755446 seconds.
  path: Assets/Scenes/SampleScene/New Lighting Settings.lighting
  artifactKey: Guid(8a7ed24ac9c2e754c8d6e773af96e0a8) Importer(815301076,1909f56bfc062723c751e8b465ee728b)
Start importing Assets/Scenes/SampleScene/New Lighting Settings.lighting using Guid(8a7ed24ac9c2e754c8d6e773af96e0a8) Importer(815301076,1909f56bfc062723c751e8b465ee728b)  -> (artifact id: 'ac532a25a44fb10e4a4d192c80c3da95') in 0.026811 seconds
  Import took 0.032453 seconds .

========================================================================
Received Import Request.
  Time since last request: 2.461983 seconds.
  path: Assets/Scenes/SampleScene/New Lighting Settings.lighting
  artifactKey: Guid(8a7ed24ac9c2e754c8d6e773af96e0a8) Importer(815301076,1909f56bfc062723c751e8b465ee728b)
Start importing Assets/Scenes/SampleScene/New Lighting Settings.lighting using Guid(8a7ed24ac9c2e754c8d6e773af96e0a8) Importer(815301076,1909f56bfc062723c751e8b465ee728b)  -> (artifact id: '3f528aaa69fcdf32d644180804eaf9af') in 0.002560 seconds
  Import took 0.008144 seconds .

========================================================================
Received Import Request.
  Time since last request: 145.497327 seconds.
  path: Assets/Scenes/SampleScene.unity
  artifactKey: Guid(2cda990e2423bbf4892e6590ba056729) Importer(815301076,1909f56bfc062723c751e8b465ee728b)
Start importing Assets/Scenes/SampleScene.unity using Guid(2cda990e2423bbf4892e6590ba056729) Importer(815301076,1909f56bfc062723c751e8b465ee728b)  -> (artifact id: '0a001fcb1c82d977f62aa033da484d3c') in 0.006779 seconds
  Import took 0.013091 seconds .

AssetImportWorkerClient::OnTransportError - code=2 error=End of file
